darrynton-evans
jamaal-williams
hunter-luepke
jaylen-wright
kenneth-walker-rb
nyheim-hines
nick-bawden
jeremy-mcnichols
malik-davis
craig-reynolds
will-shipley
keshawn-vaughn
alec-ingold
keith-smith
deejay-dallas
jaleel-mclaughlin
deuce-vaughn
hassan-hall
aj-dillon
zamir-white
ty-chandler
dandre-swift
joshua-kelley
kendall-milton
derrick-gore
jonathon-brooks
royce-freeman
isaac-guerendo
tyrion-davis-price
salvon-ahmed
owen-wright
jerome-ford
zach-charbonnet
aaron-shampklin
justice-hill
aaron-jones
michael-carter-rb
matt-breida
tyler-allgeier
raheem-blackshear
rasheen-ali
boston-scott
emanuel-wilson
alvin-kamara
isaiah-davis
sincere-mccormick
jordan-mason
raheem-mostert
jordan-mims
latavius-murray
zach-evans
jaden-shirden
josh-jacobs
derrick-henry
lamical-perine
emari-demercado
jase-mcclellan
tyler-goodson
christian-mccaffrey
blake-watson
cj-ham
patrick-ricard
rachaad-white
jahmyr-gibbs
joe-mixon
jk-dobbins
snoop-conner
louis-rees-zammit
chase-brown
samaje-perine
kareem-hunt
javonte-williams
kenyan-drake
sean-tucker
khalil-herbert
cody-schrader
carson-steele
ezekiel-elliott
cam-akers
elijah-dotson
ty-montgomery
jamycal-hasty
jashaun-corbin
israel-abanikanda
antonio-gibson
demetric-felton
eric-gray
bijan-robinson
travis-homer
deon-jackson
keaton-mitchell
michael-wiley-rb
dalvin-cook
zack-moss
george-holani
ellis-merriweather
myles-gaskin
dante-miller
breece-hall
leonard-fournette
david-montgomery
reggie-gilliam
dylan-laube
tony-pollard
trey-benson
kimani-vidal
adam-prentice
daijun-edwards
james-robinson
xazavian-valladay
audric-estime
jermar-jefferson
cordarrelle-patterson
jerick-mckinnon
chuba-hubbard
dewayne-mcbride
saquon-barkley
devin-singletary
patrick-laird
devon-achane
donta-foreman
james-cook
elijah-mitchell-rb
dernest-johnson
michael-burton
emani-bailey
khari-blasingame
rico-dowdle
jack-colletto
anthony-mcfarland
rhamondre-stevenson
kyren-williams
jake-funk
dare-ogunbowale
deneric-prince
nick-chubb
brittain-brown
jaret-patterson
tony-jones-rb
isaiah-spiller
keaontay-ingram
chase-edmonds
julius-chestnut
kenneth-gainwell
james-conner
travis-etienne
ronnie-rivers
hassan-haskins
gary-brightwell
spencer-brown-rb
jj-taylor
kendre-miller
isiah-pacheco
kevin-harris
trayveon-williams
ameer-abdullah
jawhar-jordan
mike-boone
alexander-mattison
tank-bigsby
gus-edwards
marshawn-lloyd
tyjae-spears
kenny-mcintosh
dameon-pierce
john-kelly
tyler-badie
braelon-allen
lew-nichols
alex-armah
darrell-henderson
sione-vaki
melvin-gordon
brandon-bolden
kyle-juszczyk
clyde-edwards-helaire
jonathan-taylor
roschon-johnson
jaylen-warren
kene-nwangwu
jonathan-williams
evan-hull
austin-ekeler
najee-harris-rb
ray-davis
trey-sermon
miles-sanders
ty-johnson
bucky-irving
blake-corum
keilan-robinson
jabari-small
patrick-taylor
