trevor-siemian
patrick-mahomes
mike-white
lamar-jackson
cj-beathard
josh-allen-qb
mac-jones
jeff-driskel
trevor-lawrence
joe-flacco
brett-rypien
trey-lance
marcus-mariota
max-duggan
jayden-daniels
kirk-cousins
jacob-eason
drake-maye
justin-fields
anthony-brown-qb
logan-woodside
jarrett-stidham
gardner-minshew
derek-carr
brian-hoyer
desmond-ridder
bryce-young
skylar-thompson
carson-wentz
devin-leary
joe-burrow
baker-mayfield
sam-ehlinger
ryan-tannehill
jared-goff
jimmy-garoppolo
carter-bradley
cj-stroud
tommy-devito
aidan-oconnell
jaren-hall
mason-rudolph
davis-mills
kyle-trask
hendon-hooker
tyson-bagent
brock-purdy
tua-tagovailoa
nate-sudfeld
case-keenum
deshaun-watson
matt-corral
dak-prescott
joshua-dobbs
jake-browning
stetson-bennett
justin-herbert
andy-dalton
brandon-allen
taylor-heinicke
jake-haener
aj-mccarron
kenny-pickett
russell-wilson
bailey-zappe
malik-willis
zach-wilson
tyler-huntley
spencer-rattler
nick-mullens
jalen-hurts
will-grier
sean-clifford
malik-cunningham
jake-luton
joe-milton
tim-boyle
matthew-stafford
feleipe-franks
caleb-williams
michael-pratt
drew-lock
sam-darnold
kyler-murray
anthony-richardson
cooper-rush
clayton-tune
jameis-winston
dorian-thompson-robinson
shane-buechele
easton-stick
bo-nix
tyrod-taylor
will-levis
josh-johnson
jordan-travis
daniel-jones
jake-fromm
kyle-allen
blaine-gabbert
john-wolford
jordan-love
jacoby-brissett
geno-smith
aaron-rodgers
sam-howell
matt-barkley
tanner-mckee
nathan-peterman
