tahj-washington
mecole-hardman
denzel-mims
cornell-powell
kaden-davis
ceedee-lamb
brycen-tremayne
kendric-pryor
ricky-pearsall
jermaine-burton
ladd-mcconkey
tyreek-hill
justin-jefferson
collin-johnson
khadarel-hodge
jalen-virgil
olamide-zaccheaus
daylen-baldwin
jaelon-darden
josh-downs
david-bell
diontae-johnson
elijah-moore
jaxon-smith-njigba
bo-melton
tyler-boyd
nsimba-webster
kayshon-boutte
deon-cain
river-cracraft
juju-smith-schuster
jalen-guyton
jalin-hyatt
terrace-marshall
gunner-olszewski
malik-heath
shedrick-jackson
austin-trammell
malik-taylor
amari-cooper
cedrick-wilson
jalynn-polk
dj-turner
adam-thielen
jalen-wayne
rakim-jarrett
rashid-shaheed
jake-bobo
samori-toure
charlie-jones
kj-osborn
deonte-harty
anthony-gould
trequan-smith
kadarius-toney
andy-isabella
jalen-mcmillan
kalif-raymond
deandre-carter
austin-watkins
zavier-scott
jayden-reed
colton-dowell
robert-woods
terry-mclaurin
russell-gage
nkeal-harry
jalen-reagor
deven-thompkins
greg-dortch
wandale-robinson
jalen-tolbert
darius-slayton
josh-reynolds
xavier-smith
maurice-alexander-wr
nelson-agholor
christian-kirk
rome-odunze
dylan-drummond
marquise-goodwin
isaiah-hodgins
xavier-legette
dontayvion-wicks
lawrence-cager
mike-strachan
devin-duvernay
laquon-treadwell
ray-ray-mccloud
cedric-tillman
trishton-jackson
braxton-berrios
anthony-schwartz
equanimeous-st-brown
kyle-philips
raleigh-webb
malik-nabers
daurice-fountain
brandon-johnson-wr
tylan-wallace
dez-fitzpatrick
tejhaun-palmer
grant-dubose
george-pickens
odell-beckham
ryan-flournoy
jerry-jeudy
keon-coleman
derius-davis
chris-olave
zay-flowers
danny-gray
demarcus-robinson
davante-adams
devaughn-vele
keelan-doss
keith-kirkwood
van-jefferson
martavis-bryant
jordan-addison
jaylen-waddle
jonathan-mingo
sterling-shepard
puka-nacua
cody-white-wr
tyler-scott-wr
courtland-sutton
dj-moore-wr
mike-evans
kevin-austin
noah-brown
stefon-diggs
john-ross
laviska-shenault
calvin-austin
brandon-smith-wr
hunter-renfrow
tyler-lockett
quentin-johnston
marcus-rosemy-jacksaint
elijah-cooks
trenton-irwin
malik-washington
justin-shorter
andrei-iosivas
ben-skowronek
steven-sims
parker-washington
sean-ryan
kawaan-baker
treylon-burks
thayer-thomas
xavier-gipson
ashton-dulin
tyler-johnson
racey-mcmath
justyn-ross
josh-ali
jalen-coker
skyy-moore
montrell-washington
jauan-jennings
tim-jones
christian-watson
jahan-dotson
miles-boykin
tre-tucker
brandon-powell
brenden-rice
nikko-remigio
dyami-brown
michael-wilson
deontay-burnett
juwann-winfree
kearis-jackson
jamarr-chase
alec-pierce
mitchell-tinsley
erik-ezukanma
alex-bachman
jamison-crowder
dan-chisena
irvin-charles
anthony-miller
romeo-doubs
kavontae-turpin
zay-jones
phillip-dorsett
johnny-wilson
lynn-bowden
jason-brownlee
joshua-cephus
trent-taylor
michael-thomas-wr
julio-jones
zach-pascal
jordan-matthews
dareke-young
easop-winston
drake-london
tutu-atwell
at-perry
cody-thompson
britain-covey
treshaun-harrison
allen-robinson
lucky-jackson
kristian-wilkerson
jakobi-meyers
dj-montgomery
malachi-corley
antoine-green
kj-hamler
rashee-rice
aj-brown
nico-collins
chris-blair
mike-williams-wr
bub-means
simi-fehoko
quintez-cephus
chris-conley
ramel-keyton
ronnie-bell
seth-williams
jamari-thrash
trey-palmer
richie-james
quez-watkins
rashod-bateman
kendrick-bourne
tee-higgins
troy-franklin
donovan-peoples-jones
marvin-jones
john-metchie
brandin-cooks
deandre-hopkins
garrett-wilson
calvin-ridley
jordan-whittington
jhaquan-jackson
keenan-allen
xavier-worthy
freddie-swain
kelvin-harmon
lance-mccutcheon
isaiah-williams
demario-douglas
luke-mccaffrey
sage-surratt
isaiah-mckenzie
tim-patrick
roman-wilson
james-proche
dk-metcalf
mason-tipton
marvin-mims
greg-ward
darnell-mooney
khalil-shakir
devontez-walker
jameson-williams
chris-godwin
mack-hollins
dj-chark
damiere-byrd
kazmeir-allen
dante-pettis
javon-baker
michael-woods
justin-watson
davion-davis
tyquan-thornton
casey-washington
cooper-kupp
mason-kinsey
bryce-ford-wheaton
tay-martin
tj-luther
jalen-nailor
braylon-sanders
curtis-samuel
parris-campbell
brandon-aiyuk
adonai-mitchell
xavier-hutchinson
tyrie-cleveland
allen-lazard
tom-kennedy
alex-erickson
david-durden
jalen-brooks
tyrell-shavers
jesse-matthews
byron-pringle
cornelius-johnson
michael-pittman
liljordan-humphrey
marquez-callaway
randall-cobb
michael-bandy
devonta-smith
dax-milne
andre-baccellia
jacob-cowing
ainias-smith
jamal-agnew
xavier-weaver
hakeem-butler
