jatavion-sanders
george-kittle
hayden-hurst
luke-musgrave
ian-thomas
michael-jacobson
connor-heyward
tyler-higbee
mycole-pruitt
zach-davidson
trey-mcbride
isaiah-likely
tyler-kroft
chris-manhertz
tucker-fisk
daniel-bellinger
john-fitzpatrick
josiah-deguara
josh-oliver
brycen-hopkins
ko-kieft
harrison-bryant
parker-hesse
zaire-mitchell-paden
julian-hill
dallas-goedert
david-njoku
peyton-hendershot
jonnu-smith
hunter-henry
teagan-quitoriano
hunter-long
armani-rogers
erick-all
taysom-hill
ross-dwelley
chigoziem-okonkwo
thomas-odukoya
johnny-mundt
stone-smartt
grant-calcaterra
payne-durham
tanner-conner
cade-otton
will-dissly
kylen-granson
greg-dulcich
charlie-woerner
cade-stover
elijah-higgins
travis-kelce
nick-vannett
josh-whyle
cole-fotheringham
brenton-strange
kyle-pitts
durham-smythe
travis-vokolek
pat-freiermuth
marcedes-lewis
sean-mckeon
rodney-williams-te
brayden-willis
brevin-jordan
michael-mayer
luke-farrell
dalton-schultz
zach-gentry
brock-bowers
zach-ertz
cole-turner
james-mitchell
sam-laporta
adam-trautman
will-mallory
tommy-sweeney
lucas-krull
hunter-kampmoyer
tip-reiman
donald-parham
jordan-akins
jack-stoll
darnell-washington
matt-sokol
dallin-holker
charlie-kolar
jaheim-bell
jake-ferguson
andrew-beck
jack-westover
drew-sample
brady-russell
tyree-jackson
jared-wiley
brock-wright
austin-hooper
jake-tonges
mark-andrews
juwan-johnson
shane-zylstra
aj-barner
geoff-swaim
dawson-knox
david-wells
mike-gesicki
jesper-horsted
mo-alie-cox
robert-tonyan
tyler-mabry
stephen-sullivan
jeremy-ruckert
tyler-davis-te
nikola-kalinic
anthony-firkser
stephen-carlson
noah-gray
theo-johnson
dalton-kincaid
john-bates
tucker-kraft
nate-adkins
ben-sims
nick-muse
jacob-harris
devin-culp
kenny-yeboah
foster-moreau
tanner-hudson
chris-myarick
davis-allen
ej-jenkins
jelani-woods
mitchell-wilcox
cj-uzomah
ben-sinnott
tommy-tremble
quintin-morris
evan-engram
tanner-mclachlan
eric-tomlinson
noah-togiai
noah-fant
luke-schoonmaker
tommy-hudson
griffin-hebert
logan-thomas
albert-okwuegbunam
eric-saubert
jimmy-graham
blake-whiteheart
brevyn-spann-ford
pharaoh-brown
trevon-wesco
colby-parkinson
cameron-latu
gerald-everett
cole-kmet
tj-hockenson
zack-kuntz
tyler-conklin
thomas-yassmin
miller-forristall
giovanni-ricci
blake-bell
