Player does not have any game data for the 2020 season, 

Week 1, vs. SF, L, 41-33, 0, 0, 0, 0, 0, 0, 0, 0, 0, 0, 0, 0, 0, 0.0, 87, 
Week 2, @ GB, L, 17-35, 0, 0, 0, 0, 0, 0, 0, 0, 0, 0, 0, 0, 0, 
Week 3, vs. BAL, L, 19-17, -, -, -, -, -, -, -, -, -, -, -, -, -, -, -, 
Week 4, @ CHI, L, 14-24, -, -, -, -, -, -, -, -, -, -, -, -, -, -, -, 
Week 5, @ MIN, L, 17-19, 0, 0, 0, 0, 0, 0, 0, 0, 0, 0, 0, 0, 0, 
Week 6, vs. CIN, L, 34-11, 0, 0, 0, 0, 0, 0, 0, 0, 0, 0, 0, 0, 0, 
Week 7, @ LAR, L, 19-28, 0, 0, 0, 0, 0, 0, 0, 0, 0, 0, 0, 0, 0, 
Week 8, vs. PHI, L, 44-6, 3, 18, 6, 9, 0, 3, 3, 40, 13.3, 18, 0, 0, 0, 
Week 9, BYE Week, 
Week 10, @ PIT, T, 16-16, 2, 56, 28, 42, 1, 0, 0, 0, 0, 0, 0, 0, 0, 11.6, 18, 
Week 11, @ CLE, L, 10-13, 0, 0, 0, 0, 0, 1, 1, -4, -4, -4, 0, 0, 0, -0.4, 99, 
Week 12, vs. CHI, L, 16-14, 1, 11, 11, 11, 0, 0, 1, 0, 0, 0, 0, 0, 0, 1.1, 67, 
Week 13, vs. MIN, W, 27-29, 2, 8, 4, 6, 0, 1, 2, 13, 13, 13, 0, 0, 0, 2.1, 49, 
Week 14, @ DEN, L, 10-38, 8, 25, 3.1, 6, 0, 0, 0, 0, 0, 0, 0, 1, 1, 0.5, 61, 
Week 15, vs. ARI, W, 12-30, 2, 0, 0, 0, 0, 2, 2, 11, 5.5, 13, 0, 1, 1, -0.9, 90, 
Week 16, @ ATL, L, 16-20, 0, 0, 0, 0, 0, 0, 0, 0, 0, 0, 0, 0, 0, 0.0, 89, 
Week 17, @ SEA, L, 29-51, 0, 0, 0, 0, 0, 0, 0, 0, 0, 0, 0, 0, 0, 0.0, 92, 
Week 18, vs. GB, W, 30-37, 0, 0, 0, 0, 0, 0, 1, 0, 0, 0, 0, 0, 0, 0.0, 96, 
Totals,  ,  , 18, 118, 6.6, 42, 1, 7, 10, 60, 8.6, 18, 0, 2, 2, 14, 

Week 1, vs. DEN, W, 16-17, -, -, -, -, -, -, -, -, -, -, -, -, -, -, -, 
Week 2, @ SF, L, 7-27, -, -, -, -, -, -, -, -, -, -, -, -, -, -, -, 
Week 3, vs. ATL, L, 27-23, -, -, -, -, -, -, -, -, -, -, -, -, -, -, -, 
Week 4, @ DET, W, 48-45, -, -, -, -, -, -, -, -, -, -, -, -, -, -, -, 
Week 5, @ NO, L, 32-39, -, -, -, -, -, -, -, -, -, -, -, -, -, -, -, 
Week 6, vs. ARI, W, 9-19, -, -, -, -, -, -, -, -, -, -, -, -, -, -, -, 
Week 7, @ LAC, W, 37-23, -, -, -, -, -, -, -, -, -, -, -, -, -, -, -, 
Week 8, vs. NYG, W, 13-27, -, -, -, -, -, -, -, -, -, -, -, -, -, -, -, 
Week 9, @ ARI, W, 31-21, -, -, -, -, -, -, -, -, -, -, -, -, -, -, -, 
Week 10, @ TB, L, 16-21, -, -, -, -, -, -, -, -, -, -, -, -, -, -, -, 
Week 11, BYE Week, 
Week 12, vs. LV, L, 40-34, -, -, -, -, -, -, -, -, -, -, -, -, -, -, -, 
Week 13, @ LAR, W, 27-23, -, -, -, -, -, -, -, -, -, -, -, -, -, -, -, 
Week 14, vs. CAR, L, 30-24, 0, 0, 0, 0, 0, 0, 0, 0, 0, 0, 0, 0, 0, 0.0, 80, 
Week 15, vs. SF, L, 21-13, 0, 0, 0, 0, 0, 0, 0, 0, 0, 0, 0, 0, 0, 0.0, 103, 
Week 16, @ KC, L, 10-24, 0, 0, 0, 0, 0, 0, 0, 0, 0, 0, 0, 0, 0, 0.0, 99, 
Week 17, vs. NYJ, W, 6-23, 3, 4, 1.3, 4, 0, 1, 1, 3, 3, 3, 0, 0, 0, 0.7, 71, 
Week 18, vs. LAR, W, 16-19, 0, 0, 0, 0, 0, 0, 0, 0, 0, 0, 0, 0, 0, 0.0, 99, 
Totals,  ,  , 3, 4, 1.3, 4, 0, 1, 1, 3, 3.0, 3, 0, 0, 0, 0.7, 

