9, 10, 19, 30, 23, 1, 7, 17, 20, 4, 26, 14, 17, 7, 16, 11, 19
14.3, 29.3, 17.3, 18.7, 25.4, 7.0, 16.7, 24.4, 12.1, 6.7, 19.2, 8.0, 5.4, 9.9, 10.2, 11.6, 18.2
14.04, 14.04, 14.04, 14.04, 14.04, 14.04, 14.04, 14.04, 14.04, 14.04, 14.04, 14.04, 14.04, 14.04, 14.04, 14.04, 14.04
25, 9, 2, 32, 12, 7, 6, 13, 14, 29, 2, 11, 5, 11, 22, 15
27.4, 8.8, 18.6, 16.2, 16.6, 15.5, 13.5, 12.2, 22.0, 3.5, 11.2, 14.1, 4.8, 18.0, 19.3, 5.3
11.96, 11.96, 11.96, 11.96, 11.96, 11.96, 11.96, 11.96, 11.96, 11.96, 11.96, 11.96, 11.96, 11.96, 11.96, 11.96
12, 5, 29, 16, 32, 20, 27, 11, 4, 2, 1, 10, 29, 15, 18, 12, 32
10.8, 3.6, 13.6, 8.6, 24.1, 14.3, 20.1, 11.6, 20.6, 7.2, 5.6, 14.3, 7.6, 23.0, 7.7, 4.4, 1.7
14.64, 14.64, 14.64, 14.64, 14.64, 14.64, 14.64, 14.64, 14.64, 14.64, 14.64, 14.64, 14.64, 14.64, 14.64, 14.64, 14.64
26, 17, 18, 11, 24, 5, 29, 32, 12, 22, 18, 15, 14, 6, 5, 11
2.2, 15.8, 10.5, 0.8, 14.6, 5.2, 10.9, 32.7, 18.8, 30.9, 6.1, 22.6, 18.2, 10.6, 8.0, 1.9
8.02, 8.02, 8.02, 8.02, 8.02, 8.02, 8.02, 8.02, 8.02, 8.02, 8.02, 8.02, 8.02, 8.02, 8.02, 8.02
18, 4, 31, 15, 11, 15, 14, 8, 28, 12, 17, 5, 6, 23, 14, 6
8.2, 8.5, 20.3, 20.7, 25.2, 13.8, 34.8, 23.5, 6.7, 23.4, 11.7, 3.8, 17.5, 22.3, 16.6, 12.8
17.69, 17.69, 17.69, 17.69, 17.69, 17.69, 17.69, 17.69, 17.69, 17.69, 17.69, 17.69, 17.69, 17.69, 17.69, 17.69
17, 1, 21, 10, 4, 26, 20, 5, 16, 17, 15, 30, 7, 9, 31, 7, 21
8.6, 8.9, 10.1, 7.4, 3.6, 10.9, 8.0, 6.0, 9.9, 23.6, 9.9, 9.2, 11.0, 14.6, 9.5, 18.3, 13.0
12.04, 12.04, 12.04, 12.04, 12.04, 12.04, 12.04, 12.04, 12.04, 12.04, 12.04, 12.04, 12.04, 12.04, 12.04, 12.04, 12.04
26, 17, 18, 11, 24, 5, 29, 22, 18, 15, 14, 6, 5, 25, 11
4.9, 4.9, 13.5, 8.1, 7.8, 14.6, 17.7, 16.7, 15.5, 15.1, 14.1, 13.1, 12.1, 9.7, 1.0
13.54, 13.54, 13.54, 13.54, 13.54, 13.54, 13.54, 13.54, 13.54, 13.54, 13.54, 13.54, 13.54, 13.54, 13.54
2, 16, 12, 8, 30, 19, 9, 7, 24, 13, 16, 3, 17, 27, 9, 30
13.7, 7.4, 7.0, 11.4, 25.9, 16.1, 2.6, 11.8, 6.0, 10.8, 8.1, 4.6, 7.4, 16.2, 4.7, 0.4
10.97, 10.97, 10.97, 10.97, 10.97, 10.97, 10.97, 10.97, 10.97, 10.97, 10.97, 10.97, 10.97, 10.97, 10.97, 10.97
31, 8, 6, 14, 21, 28, 13, 30, 3, 8, 27, 31, 20, 25, 15, 24, 28
7.2, 9.4, 5.3, 28.9, 31.9, 14.3, 24.7, 17.1, 6.3, 16.0, 14.0, 8.2, 16.4, 13.0, 19.9, 28.1, 5.0
13.34, 13.34, 13.34, 13.34, 13.34, 13.34, 13.34, 13.34, 13.34, 13.34, 13.34, 13.34, 13.34, 13.34, 13.34, 13.34, 13.34
30, 9, 13, 17, 27, 31, 7, 19, 24, 3, 26, 30, 21, 5, 9
4.6, 5.3, 17.4, 12.4, 10.5, 33.8, 6.2, 4.5, 8.9, 1.0, 3.7, 10.4, 17.0, 8.0, 11.0
14.92, 14.92, 14.92, 14.92, 14.92, 14.92, 14.92, 14.92, 14.92, 14.92, 14.92, 14.92, 14.92, 14.92, 14.92
21, 18, 16, 27, 3, 24, 8, 24, 23, 27, 16, 20, 26, 13, 11, 31, 27
11.7, 12.8, 11.5, 16.8, 16.4, 15.8, 6.2, 32.3, 13.7, 10.6, 4.9, 20.6, 27.3, 19.8, 11.8, 25.3, 13.9
18.59, 18.59, 18.59, 18.59, 18.59, 18.59, 18.59, 18.59, 18.59, 18.59, 18.59, 18.59, 18.59, 18.59, 18.59, 18.59, 18.59
5, 11, 22, 13, 1, 2, 20, 12, 32, 18, 4, 6, 22, 10, 9, 32, 12
15.0, 6.0, 22.7, 22.9, 5.6, 6.3, 19.6, 10.1, 11.9, 24.4, 10.6, 9.5, 3.7, 3.3, 1.4, 21.7, 19.2
7.95, 7.95, 7.95, 7.95, 7.95, 7.95, 7.95, 7.95, 7.95, 7.95, 7.95, 7.95, 7.95, 7.95, 7.95, 7.95, 7.95
22, 32, 26, 1, 18, 10, 11, 4, 29, 2, 25, 5, 32, 24, 20, 22, 29
7.6, 29.0, 2.7, 11.5, 8.0, 4.4, 19.6, 15.7, 4.5, 21.6, 8.0, 15.9, 5.0, 16.6, 3.4, 11.3, 4.8
13.36, 13.36, 13.36, 13.36, 13.36, 13.36, 13.36, 13.36, 13.36, 13.36, 13.36, 13.36, 13.36, 13.36, 13.36, 13.36, 13.36
3, 12, 14, 22, 11, 1, 2, 20, 29, 30, 10, 12, 5, 4, 29, 22
5.0, 13.6, 1.1, 14.2, 8.0, 12.2, 5.5, 4.4, 4.4, 18.1, 11.3, 12.7, 21.1, 6.4, 3.6, 2.1
10.78, 10.78, 10.78, 10.78, 10.78, 10.78, 10.78, 10.78, 10.78, 10.78, 10.78, 10.78, 10.78, 10.78, 10.78, 10.78
29, 22, 11, 6, 27, 2, 19, 14, 11, 15, 12, 25, 18, 32, 2, 16, 18
16.5, 8.6, 4.4, 27.6, 6.4, 13.2, 13.8, 15.3, 5.4, 4.8, 28.0, 9.8, 27.5, 0.9, 5.1, 6.1, 3.3
10.4, 10.4, 10.4, 10.4, 10.4, 10.4, 10.4, 10.4, 10.4, 10.4, 10.4, 10.4, 10.4, 10.4, 10.4, 10.4, 10.4
11, 15, 23, 5, 14, 15, 18, 28, 31, 8, 7, 29, 25, 2, 10, 14, 25
6.5, 5.3, 7.5, 3.2, 11.4, 10.8, 17.9, 22.2, 24.6, 7.3, 0.3, 4.6, 3.2, 10.7, 11.2, 20.0, 3.4
10.01, 10.01, 10.01, 10.01, 10.01, 10.01, 10.01, 10.01, 10.01, 10.01, 10.01, 10.01, 10.01, 10.01, 10.01, 10.01, 10.01
14, 6, 8, 25, 25, 11, 31, 5, 19, 2, 22, 14
23.5, 6.3, 9.1, 2.3, 8.5, 5.6, 22.3, 13.4, 15.8, 10.3, 1.3, 0.0
14.64, 14.64, 14.64, 14.64, 14.64, 14.64, 14.64, 14.64, 14.64, 14.64, 14.64, 14.64
27, 23, 15, 26, 31, 4, 3, 25, 6, 23, 24, 17, 28, 14, 13, 28, 31
12.2, 0.6, 0.9, 6.3, 0.0, 1.8, 4.3, 0.9, 6.2, 10.7, 14.6, 14.2, 9.3, 7.7, 9.0, 10.9, 12.4
7.18, 7.18, 7.18, 7.18, 7.18, 7.18, 7.18, 7.18, 7.18, 7.18, 7.18, 7.18, 7.18, 7.18, 7.18, 7.18, 7.18
4, 30, 27, 3, 2, 26, 27, 16, 8, 13, 31, 12, 28, 23, 13
0.0, 6.2, 10.1, 1.3, 3.3, 0.3, 2.2, 6.1, 3.7, 18.0, 8.3, 10.0, 32.7, 13.3, 12.8
5.59, 5.59, 5.59, 5.59, 5.59, 5.59, 5.59, 5.59, 5.59, 5.59, 5.59, 5.59, 5.59, 5.59, 5.59
29, 22, 11, 2, 19, 14, 11, 15, 12, 25, 18, 32, 2, 16, 18
7.0, 2.1, 0.0, 1.6, 2.1, 0.5, 0.5, 1.2, 2.4, 2.1, 9.7, 0.0, 0.0, 0.6, 11.4
4.31, 4.31, 4.31, 4.31, 4.31, 4.31, 4.31, 4.31, 4.31, 4.31, 4.31, 4.31, 4.31, 4.31, 4.31
