1, DAL 
2, NE 
3, MIA 
4, BUF 
5, NO 
6, TB 
7, IND 
8, KC 
9, ARI 
10, MIN 
11, TEN 
12, LAR 
13, DEN 
14, SF 
15, GB 
16, PHI 
17, PIT 
18, CIN 
19, CHI 
20, CLE 
21, SEA 
22, WAS 
23, CAR 
24, HOU 
25, NYG 
26, BAL 
27, LAC 
28, LV 
29, ATL 
30, JAC 
31, NYJ 
32, DET 

1, PIT 
2, MIA 
3, BUF 
4, LAC 
5, TB 
6, MIN 
7, BAL 
8, CHI 
9, LAR 
10, TEN 
11, SEA 
12, HOU 
13, IND 
14, JAC 
15, ATL 
16, CLE 
17, NO 
18, DEN 
19, PHI 
20, DAL 
21, SF 
22, WAS 
23, NYJ 
24, NYG 
25, NE 
26, KC 
27, CIN 
28, GB 
29, CAR 
30, LV 
31, DET 
32, ARI 

1, TB 
2, BUF 
3, PIT 
4, JAC 
5, ATL 
6, SF 
7, MIN 
8, BAL 
9, LAR 
10, PHI 
11, SEA 
12, CHI 
13, LAC 
14, MIA 
15, KC 
16, HOU 
17, DEN 
18, NE 
19, DAL 
20, NYG 
21, GB 
22, NO 
23, DET 
24, CLE 
25, ARI 
26, NYJ 
27, IND 
28, CIN 
29, TEN 
30, CAR 
31, LV 
32, WAS 

1, TB 
2, BUF 
3, JAC 
4, PHI 
5, PIT 
6, BAL 
7, SF 
8, DEN 
9, ATL 
10, LAR 
11, SEA 
12, MIA 
13, CIN 
14, DAL 
15, HOU 
16, GB 
17, KC 
18, MIN 
19, CHI 
20, CAR 
21, CLE 
22, NE 
23, NO 
24, IND 
25, ARI 
26, NYG 
27, DET 
28, LAC 
29, NYJ 
30, TEN 
31, WAS 
32, LV 

1, SF 
2, BUF 
3, PHI 
4, TB 
5, JAC 
6, PIT 
7, BAL 
8, DAL 
9, ATL 
10, CAR 
11, SEA 
12, CIN 
13, DEN 
14, GB 
15, MIN 
16, NE 
17, CHI 
18, NYG 
19, KC 
20, LAR 
21, HOU 
22, MIA 
23, ARI 
24, CLE 
25, NYJ 
26, TEN 
27, LAC 
28, NO 
29, LV 
30, IND 
31, WAS 
32, DET 

1, SF 
2, BUF 
3, DAL 
4, TB 
5, PHI 
6, JAC 
7, NE 
8, DEN 
9, BAL 
10, PIT 
11, HOU 
12, CAR 
13, CIN 
14, ATL 
15, GB 
16, SEA 
17, MIN 
18, NYJ 
19, CHI 
20, IND 
21, LAR 
22, NYG 
23, KC 
24, ARI 
25, TEN 
26, MIA 
27, NO 
28, CLE 
29, LAC 
30, LV 
31, WAS 
32, DET 

1, BUF 
2, SF 
3, NE 
4, DAL 
5, PHI 
6, TB 
7, NYJ 
8, DEN 
9, JAC 
10, SEA 
11, BAL 
12, ATL 
13, CAR 
14, MIN 
15, PIT 
16, ARI 
17, LAR 
18, CHI 
19, NYG 
20, IND 
21, HOU 
22, CIN 
23, GB 
24, WAS 
25, KC 
26, LAC 
27, NO 
28, TEN 
29, MIA 
30, CLE 
31, LV 
32, DET 

1, DAL 
2, BUF 
3, NE 
4, SF 
5, PHI 
6, BAL 
7, NYJ 
8, ARI 
9, TB 
10, SEA 
11, DEN 
12, CAR 
13, JAC 
14, CHI 
15, TEN 
16, ATL 
17, MIN 
18, IND 
19, GB 
20, PIT 
21, KC 
22, NYG 
23, LAR 
24, CIN 
25, MIA 
26, HOU 
27, WAS 
28, LAC 
29, LV 
30, NO 
31, CLE 
32, DET 

1, DAL 
2, NE 
3, BUF 
4, PHI 
5, SF 
6, SEA 
7, NYJ 
8, ARI 
9, BAL 
10, TB 
11, DEN 
12, CAR 
13, JAC 
14, MIN 
15, TEN 
16, ATL 
17, IND 
18, GB 
19, CHI 
20, NYG 
21, CIN 
22, NO 
23, HOU 
24, KC 
25, LAR 
26, PIT 
27, CLE 
28, WAS 
29, MIA 
30, LAC 
31, LV 
32, DET 

1, NE 
2, DAL 
3, PHI 
4, BUF 
5, SEA 
6, NYJ 
7, BAL 
8, ARI 
9, TB 
10, SF 
11, DEN 
12, JAC 
13, TEN 
14, MIN 
15, ATL 
16, IND 
17, CAR 
18, CIN 
19, GB 
20, HOU 
21, MIA 
22, NYG 
23, NO 
24, KC 
25, LAR 
26, CHI 
27, WAS 
28, PIT 
29, CLE 
30, LAC 
31, LV 
32, DET 

1, NE 
2, DAL 
3, BUF 
4, PHI 
5, ARI 
6, SEA 
7, NYJ 
8, MIN 
9, TB 
10, SF 
11, BAL 
12, TEN 
13, JAC 
14, CAR 
15, DEN 
16, WAS 
17, ATL 
18, IND 
19, GB 
20, NYG 
21, NO 
22, MIA 
23, KC 
24, CIN 
25, HOU 
26, PIT 
27, LAR 
28, CHI 
29, LAC 
30, DET 
31, CLE 
32, LV 

1, NE 
2, DAL 
3, PHI 
4, BUF 
5, BAL 
6, SF 
7, NYJ 
8, SEA 
9, WAS 
10, TEN 
11, ARI 
12, TB 
13, CAR 
14, MIN 
15, ATL 
16, IND 
17, JAC 
18, DEN 
19, GB 
20, KC 
21, NO 
22, NYG 
23, PIT 
24, CIN 
25, MIA 
26, HOU 
27, CHI 
28, LAR 
29, DET 
30, LAC 
31, LV 
32, CLE 

1, NE 
2, DAL 
3, BUF 
4, SF 
5, PHI 
6, BAL 
7, NYJ 
8, WAS 
9, CAR 
10, TEN 
11, TB 
12, SEA 
13, MIN 
14, ARI 
15, ATL 
16, KC 
17, JAC 
18, MIA 
19, IND 
20, DEN 
21, NO 
22, PIT 
23, GB 
24, HOU 
25, CIN 
26, NYG 
27, LAR 
28, DET 
29, CHI 
30, LAC 
31, LV 
32, CLE 

1, DAL 
2, NE 
3, SF 
4, PHI 
5, BUF 
6, BAL 
7, NYJ 
8, WAS 
9, SEA 
10, MIN 
11, CAR 
12, TB 
13, TEN 
14, ARI 
15, DEN 
16, MIA 
17, ATL 
18, KC 
19, GB 
20, IND 
21, CLE 
22, JAC 
23, NO 
24, PIT 
25, HOU 
26, NYG 
27, LAR 
28, CIN 
29, LAC 
30, DET 
31, LV 
32, CHI 

1, NE 
2, DAL 
3, SF 
4, PHI 
5, BUF 
6, BAL 
7, NYJ 
8, WAS 
9, CAR 
10, SEA 
11, KC 
12, MIA 
13, DEN 
14, MIN 
15, ARI 
16, TB 
17, JAC 
18, TEN 
19, HOU 
20, ATL 
21, CLE 
22, IND 
23, PIT 
24, CIN 
25, GB 
26, NO 
27, LAR 
28, NYG 
29, DET 
30, LAC 
31, LV 
32, CHI 

1, NE 
2, DAL 
3, SF 
4, PHI 
5, BAL 
6, BUF 
7, NYJ 
8, DEN 
9, ARI 
10, IND 
11, JAC 
12, WAS 
13, CAR 
14, SEA 
15, KC 
16, MIA 
17, MIN 
18, CLE 
19, TEN 
20, TB 
21, NYG 
22, GB 
23, DET 
24, HOU 
25, CIN 
26, ATL 
27, LAR 
28, NO 
29, PIT 
30, LAC 
31, LV 
32, CHI 

1, NE 
2, DAL 
3, SF 
4, PHI 
5, BUF 
6, BAL 
7, NYJ 
8, JAC 
9, IND 
10, ARI 
11, KC 
12, MIN 
13, CAR 
14, LAR 
15, HOU 
16, MIA 
17, WAS 
18, TEN 
19, TB 
20, GB 
21, DEN 
22, CLE 
23, LAC 
24, SEA 
25, CIN 
26, NYG 
27, PIT 
28, NO 
29, ATL 
30, LV 
31, DET 
32, CHI 

1, NE 
2, DAL 
3, PHI 
4, SF 
5, BUF 
6, BAL 
7, JAC 
8, GB 
9, NYJ 
10, SEA 
11, KC 
12, CLE 
13, ARI 
14, IND 
15, CAR 
16, HOU 
17, NO 
18, NYG 
19, TB 
20, LAC 
21, TEN 
22, WAS 
23, DEN 
24, MIA 
25, MIN 
26, LAR 
27, CIN 
28, PIT 
29, DET 
30, ATL 
31, LV 
32, CHI 

