Week 1, @ LAC, L, 19-24, 10, 57, 5.7, 18, 0, 1, 1, 16, 16, 16, 0, 0, 0, 7.3, 29, 
Week 2, vs. ARI, L, 29-23, 19, 69, 3.6, 13, 0, 1, 1, 12, 12, 12, 0, 0, 0, 8.1, 22, 
Week 3, @ TEN, L, 22-24, 13, 66, 5.1, 13, 0, 5, 5, 31, 6.2, 13, 0, 1, 0, 9.7, 24, 
Week 4, vs. DEN, W, 23-32, 28, 144, 5.1, 43, 2, 5, 6, 31, 6.2, 12, 0, 0, 0, 29.5, 1, 
Week 5, @ KC, L, 29-30, 21, 154, 7.3, 37, 1, 5, 5, 39, 7.8, 14, 0, 0, 0, 25.3, 5, 
Week 6, BYE Week, 
Week 7, vs. HOU, W, 20-38, 20, 143, 7.2, 15, 3, 3, 4, 12, 4, 5, 0, 0, 0, 33.5, 1, 
Week 8, @ NO, L, 0-24, 10, 43, 4.3, 16, 0, 2, 4, 11, 5.5, 11, 0, 0, 0, 5.4, 42, 
Week 9, @ JAC, L, 20-27, 17, 67, 3.9, 15, 0, 3, 3, 20, 6.7, 13, 0, 0, 0, 8.7, 19, 
Week 10, vs. IND, L, 25-20, 21, 78, 3.7, 22, 1, 6, 8, 28, 4.7, 9, 0, 0, 0, 16.6, 9, 
Week 11, @ DEN, W, 22-16, 24, 109, 4.5, 15, 0, 3, 4, 51, 17, 43, 0, 0, 0, 16.0, 8, 
Week 12, @ SEA, W, 40-34, 33, 229, 6.9, 86, 2, 6, 7, 74, 12.3, 28, 0, 0, 0, 42.3, 1, 
Week 13, vs. LAC, W, 20-27, 26, 144, 5.5, 20, 1, 2, 2, 6, 3, 5, 0, 1, 1, 19.0, 3, 
Week 14, @ LAR, L, 16-17, 27, 99, 3.7, 15, 1, 2, 2, 15, 7.5, 8, 0, 0, 0, 17.4, 7, 
Week 15, vs. NE, W, 24-30, 22, 93, 4.2, 18, 0, 2, 3, 17, 8.5, 11, 0, 1, 0, 11.0, 20, 
Week 16, @ PIT, L, 10-13, 15, 44, 2.9, 11, 0, 1, 1, 6, 6, 6, 0, 0, 0, 5.0, 38, 
Week 17, vs. SF, L, 37-34, 17, 69, 4.1, 9, 1, 4, 5, 26, 6.5, 14, 0, 0, 0, 15.5, 9, 
Week 18, vs. KC, L, 31-13, 17, 45, 2.6, 12, 0, 2, 3, 5, 2.5, 4, 0, 0, 0, 5.0, 36, 
Totals,  ,  , 340, 1,653, 4.9, 86, 12, 53, 64, 400, 7.5, 43, 0, 3, 1, 275.3, 

Week 1, vs. CLE, L, 26-24, 10, 33, 3.3, 9, 1, 4, 5, 24, 6, 21, 0, 0, 0, 11.7, 17, 
Week 2, @ NYG, L, 16-19, 15, 102, 6.8, 49, 0, 4, 5, 26, 6.5, 10, 0, 0, 0, 12.8, 8, 
Week 3, vs. NO, W, 14-22, 25, 108, 4.3, 18, 0, 2, 4, 7, 3.5, 8, 0, 0, 0, 11.5, 16, 
Week 4, vs. ARI, L, 26-16, 8, 27, 3.4, 10, 0, 9, 9, 81, 9, 34, 1, 0, 0, 16.8, 11, 
Week 5, vs. SF, L, 37-15, 14, 54, 3.9, 19, 1, 7, 12, 50, 7.1, 12, 0, 0, 0, 16.4, 15, 
Week 6, @ LAR, L, 10-24, 13, 69, 5.3, 17, 0, 7, 8, 89, 12.7, 49, 0, 0, 0, 15.8, 7, 
Week 7, vs. KC, L, 44-23, 8, 38, 4.8, 12, 0, 2, 2, 24, 12, 13, 0, 0, 0, 6.2, 34, 
Week 8, @ LAR, W, 31-14, 18, 94, 5.2, 25, 1, 8, 9, 55, 6.9, 14, 1, 1, 0, 32.3, 4, 
Week 9, -, -, -, -, -, -, -, -, -, -, -, -, -, -, -, -, -, 
Week 10, vs. LAC, W, 16-22, 14, 38, 2.7, 12, 1, 4, 6, 39, 9.8, 21, 0, 0, 0, 13.7, 13, 
Week 11, @ ARI, W, 38-10, 7, 39, 5.6, 20, 0, 7, 7, 67, 9.6, 14, 0, 0, 0, 10.6, 15, 
Week 12, vs. NO, W, 0-13, 11, 32, 2.9, 9, 0, 4, 6, 17, 4.3, 9, 0, 0, 0, 4.9, 44, 
Week 13, vs. MIA, W, 17-33, 17, 66, 3.9, 30, 0, 8, 10, 80, 10, 33, 1, 0, 0, 20.6, 2, 
Week 14, vs. TB, W, 7-35, 14, 119, 8.5, 38, 1, 2, 3, 34, 17, 27, 1, 0, 0, 27.3, 2, 
Week 15, @ SEA, W, 21-13, 26, 108, 4.2, 23, 1, 6, 8, 30, 5, 11, 0, 0, 0, 19.8, 8, 
Week 16, vs. WAS, W, 20-37, 15, 46, 3.1, 9, 1, 2, 2, 12, 6, 6, 0, 0, 0, 11.8, 13, 
Week 17, @ LV, W, 37-34, 19, 121, 6.4, 37, 1, 6, 9, 72, 12, 38, 0, 0, 0, 25.3, 2, 
Week 18, vs. ARI, W, 13-38, 10, 45, 4.5, 19, 0, 3, 3, 34, 11.3, 21, 1, 0, 0, 13.9, 7, 
Totals,  ,  , 244, 1,139, 4.7, 49, 8, 85, 108, 741, 8.7, 49, 5, 1, 0, 271.4, 

Week 1, vs. NYG, L, 21-20, 21, 82, 3.9, 18, 0, 0, 1, 0, 0, 0, 0, 1, 0, 8.2, 26, 
Week 2, @ BUF, L, 7-41, 13, 25, 1.9, 9, 1, 0, 0, 0, 0, 0, 0, 0, 0, 8.5, 20, 
Week 3, vs. LV, W, 22-24, 20, 85, 4.3, 24, 1, 5, 6, 58, 11.6, 23, 0, 0, 0, 20.3, 4, 
Week 4, @ IND, W, 24-17, 22, 114, 5.2, 19, 1, 3, 5, 33, 11, 22, 0, 0, 0, 20.7, 7, 
Week 5, @ WAS, W, 21-17, 28, 102, 3.6, 15, 2, 2, 2, 30, 15, 24, 0, 0, 0, 25.2, 6, 
Week 6, BYE Week, 
Week 7, vs. IND, W, 10-19, 30, 128, 4.3, 23, 0, 3, 3, 10, 3.3, 9, 0, 0, 0, 13.8, 15, 
Week 8, @ HOU, W, 17-10, 32, 219, 6.8, 41, 2, 1, 1, 9, 9, 9, 0, 0, 0, 34.8, 1, 
Week 9, @ KC, L, 17-20, 17, 115, 6.8, 56, 2, 0, 0, 0, 0, 0, 0, 0, 0, 23.5, 4, 
Week 10, vs. DEN, W, 10-17, 19, 53, 2.8, 10, 0, 2, 3, 14, 7, 7, 0, 0, 0, 6.7, 29, 
Week 11, @ GB, W, 27-17, 28, 87, 3.1, 9, 1, 2, 2, 45, 22.5, 42, 0, 0, 0, 23.4, 5, 
Week 12, vs. CIN, L, 20-16, 17, 38, 2.2, 9, 0, 3, 3, 79, 26.3, 69, 0, 1, 0, 11.7, 17, 
Week 13, @ PHI, L, 10-35, 11, 30, 2.7, 6, 0, 2, 3, 8, 4, 6, 0, 0, 0, 3.8, 44, 
Week 14, vs. JAC, L, 36-22, 17, 121, 7.1, 50, 1, 3, 5, 34, 11.3, 16, 0, 2, 2, 17.5, 6, 
Week 15, @ LAC, L, 14-17, 21, 104, 5, 13, 1, 4, 4, 59, 14.8, 37, 0, 1, 0, 22.3, 4, 
Week 16, vs. HOU, L, 19-14, 23, 126, 5.5, 48, 1, 2, 2, 0, 0, 5, 0, 1, 1, 16.6, 9, 
Week 17, vs. DAL, L, 27-13, -, -, -, -, -, -, -, -, -, -, -, -, -, -, -, 
Week 18, @ JAC, L, 16-20, 30, 109, 3.6, 14, 0, 1, 1, 19, 19, 19, 0, 0, 0, 12.8, 11, 
Totals,  ,  , 349, 1,538, 4.4, 56, 13, 33, 41, 398, 12.1, 69, 0, 6, 3, 269.8, 

Week 1, vs. LV, W, 19-24, 14, 36, 2.6, 8, 0, 4, 4, 36, 9, 13, 0, 0, 0, 7.2, 31, 
Week 2, @ KC, L, 24-27, 14, 39, 2.8, 8, 0, 9, 10, 55, 6.1, 21, 0, 0, 0, 9.4, 15, 
Week 3, vs. JAC, L, 38-10, 4, 5, 1.3, 3, 0, 8, 8, 48, 6, 12, 0, 0, 0, 5.3, 37, 
Week 4, @ HOU, W, 34-24, 13, 60, 4.6, 20, 2, 6, 7, 49, 8.2, 21, 1, 1, 0, 28.9, 2, 
Week 5, @ CLE, W, 30-28, 16, 173, 10.8, 71, 1, 4, 4, 26, 6.5, 12, 1, 0, 0, 31.9, 1, 
Week 6, vs. DEN, W, 16-19, 14, 36, 2.6, 11, 1, 10, 16, 47, 4.7, 9, 0, 0, 0, 14.3, 11, 
Week 7, vs. SEA, L, 37-23, 9, 31, 3.4, 13, 1, 12, 12, 96, 8, 23, 1, 1, 0, 24.7, 3, 
Week 8, BYE Week, 
Week 9, @ ATL, W, 20-17, 14, 47, 3.4, 9, 1, 7, 8, 24, 3.4, 13, 1, 1, 1, 17.1, 7, 
Week 10, @ SF, L, 16-22, 6, 24, 4, 12, 0, 7, 12, 39, 5.6, 14, 0, 0, 0, 6.3, 31, 
Week 11, vs. KC, L, 30-27, 19, 83, 4.4, 9, 1, 2, 2, 17, 8.5, 11, 0, 0, 0, 16.0, 9, 
Week 12, @ ARI, W, 25-24, 5, 20, 4, 9, 0, 11, 15, 60, 5.5, 12, 1, 0, 0, 14.0, 14, 
Week 13, @ LV, L, 20-27, 10, 35, 3.5, 8, 0, 5, 6, 67, 13.4, 18, 0, 1, 1, 8.2, 25, 
Week 14, vs. MIA, W, 17-23, 15, 45, 3, 12, 1, 8, 8, 59, 7.4, 21, 0, 0, 0, 16.4, 9, 
Week 15, vs. TEN, W, 14-17, 12, 58, 4.8, 12, 1, 2, 3, 12, 6, 7, 0, 0, 0, 13.0, 16, 
Week 16, @ IND, W, 20-3, 18, 67, 3.7, 16, 2, 4, 4, 12, 3, 4, 0, 0, 0, 19.9, 3, 
Week 17, vs. LAR, W, 10-31, 10, 122, 12.2, 72, 2, 4, 4, 39, 9.8, 17, 0, 0, 0, 28.1, 1, 
Week 18, @ DEN, L, 28-31, 11, 34, 3.1, 12, 0, 4, 4, 36, 9, 19, 0, 1, 1, 5.0, 37, 
Totals,  ,  , 204, 915, 4.5, 72, 13, 107, 127, 722, 6.7, 23, 5, 5, 3, 265.7, 

Week 1, @ CAR, W, 26-24, 22, 141, 6.4, 25, 0, 1, 1, 2, 2, 2, 0, 0, 0, 14.3, 13, 
Week 2, vs. NYJ, L, 31-30, 17, 87, 5.1, 22, 3, 3, 3, 26, 8.7, 15, 0, 0, 0, 29.3, 1, 
Week 3, vs. PIT, W, 17-29, 23, 113, 4.9, 36, 1, 0, 1, 0, 0, 0, 0, 0, 0, 17.3, 7, 
Week 4, @ ATL, L, 20-23, 19, 118, 6.2, 28, 1, 2, 3, 9, 4.5, 9, 0, 0, 0, 18.7, 9, 
Week 5, vs. LAC, L, 30-28, 17, 134, 7.9, 41, 2, 0, 1, 0, 0, 0, 0, 0, 0, 25.4, 4, 
Week 6, vs. NE, L, 38-15, 12, 56, 4.7, 18, 0, 1, 2, 14, 14, 14, 0, 0, 0, 7.0, 23, 
Week 7, @ BAL, L, 20-23, 16, 91, 5.7, 22, 1, 2, 3, 16, 8, 14, 0, 0, 0, 16.7, 10, 
Week 8, vs. CIN, W, 13-32, 23, 101, 4.4, 21, 2, 1, 1, 3, 3, 3, 0, 0, 0, 24.4, 6, 
Week 9, BYE Week, 
Week 10, @ MIA, L, 17-39, 11, 63, 5.7, 33, 1, 3, 4, 18, 6, 9, 0, 1, 1, 12.1, 14, 
Week 11, @ BUF, L, 23-31, 14, 19, 1.4, 12, 0, 3, 3, 48, 16, 26, 0, 0, 0, 6.7, 29, 
Week 12, vs. TB, W, 17-23, 26, 116, 4.5, 28, 1, 1, 1, 16, 16, 16, 0, 0, 0, 19.2, 3, 
Week 13, @ HOU, W, 27-14, 17, 80, 4.7, 21, 0, 0, 1, 0, 0, 0, 0, 0, 0, 8.0, 27, 
Week 14, @ CIN, L, 10-23, 14, 34, 2.4, 13, 0, 3, 3, 20, 6.7, 12, 0, 0, 0, 5.4, 30, 
Week 15, vs. BAL, W, 3-13, 21, 99, 4.7, 18, 0, 0, 2, 0, 0, 0, 0, 0, 0, 9.9, 29, 
Week 16, vs. NO, L, 17-10, 24, 92, 3.8, 19, 0, 1, 1, 10, 10, 10, 0, 0, 0, 10.2, 20, 
Week 17, @ WAS, W, 24-10, 14, 104, 7.4, 35, 0, 1, 1, 12, 12, 12, 0, 0, 0, 11.6, 14, 
Week 18, @ PIT, L, 14-28, 12, 77, 6.4, 15, 0, 5, 6, 45, 9, 19, 1, 0, 0, 18.2, 2, 
Totals,  ,  , 302, 1,525, 5.0, 41, 12, 27, 37, 239, 8.9, 26, 1, 1, 1, 254.4, 