christian-mccaffrey
derrick-henry
austin-ekeler
nick-chubb
saquon-barkley
jamaal-williams
tony-pollard
dalvin-cook
miles-sanders
aaron-jones
najee-harris-rb
joe-mixon
rhamondre-stevenson
kenneth-walker-rb
travis-etienne
ezekiel-elliott
alvin-kamara
james-conner
leonard-fournette
david-montgomery
tyler-allgeier
dandre-swift
jerick-mckinnon
devin-singletary
aj-dillon
raheem-mostert
dameon-pierce
cordarrelle-patterson
cam-akers
latavius-murray
donta-foreman
isiah-pacheco
antonio-gibson
jonathan-taylor
khalil-herbert
samaje-perine
breece-hall
kareem-hunt
rachaad-white
kenyan-drake
james-cook
michael-carter-rb
clyde-edwards-helaire
james-robinson
jk-dobbins
chuba-hubbard
alexander-mattison
jaylen-warren
kenneth-gainwell
eno-benjamin
melvin-gordon
gus-edwards
chase-edmonds
darrell-henderson
dontrell-hilliard
deon-jackson
zack-moss
nyheim-hines
joshua-kelley
jamycal-hasty
rashaad-penny
caleb-huntley
boston-scott
elijah-mitchell-rb
matt-breida
justin-jackson-rb
kyle-juszczyk
rex-burkhead
mark-ingram
raheem-blackshear
jordan-mason
ty-johnson
marlon-mack
deejay-dallas
justice-hill
ameer-abdullah
jd-mckissic
dare-ogunbowale
malik-davis
travis-homer
javonte-williams
gary-brightwell
alec-ingold
craig-reynolds
kyren-williams
cj-ham
mike-boone
avery-williams-rb
jonathan-williams
tevin-coleman
brandon-bolden
malcolm-brown
darrel-williams
corey-clement
sony-michel
derek-watt
hassan-haskins
keaontay-ingram
reggie-gilliam
zander-horvath
salvon-ahmed
royce-freeman
kevin-harris
snoop-conner
tyrion-davis-price
chris-evans
darrynton-evans
kene-nwangwu
patrick-ricard
phillip-lindsay
jordan-wilkins-rb
tyler-badie
jaret-patterson
ty-montgomery
keshawn-vaughn
zamir-white
trayveon-williams
isaiah-spiller
tony-jones-rb
myles-gaskin
spencer-brown-rb
julius-chestnut
david-johnson-rb
ronnie-rivers
patrick-taylor
dwayne-washington
trestan-ebner
anthony-mcfarland
larry-rountree
giovani-bernard-rb
dernest-johnson
mike-davis-rb
ty-chandler
trey-sermon
adam-prentice-rb
michael-burton
jj-taylor
jerome-ford
jakob-johnson
keith-smith
reggie-bonnafon-rb
devine-ozigbo-rb
godwin-igwebuike-rb
kylin-hill-rb
tyson-williams
demetric-felton
duke-johnson
damien-williams
jordan-howard-rb
lamical-perine-rb
chris-myarick-rb
austin-walter-rb
rico-dowdle
mike-weber-rb
damarea-crockett-rb
qadree-ollison-rb
khari-blasingame-rb
john-lovett-rb
andrew-beck-rb
cullen-gillaspia-rb
sandro-platzgummer-rb
kennedy-brooks-rb
mohamed-ibrahim
jason-huntley
jermar-jefferson-rb
jake-bargas-rb
john-lovett-rb
brittain-brown-rb
dewayne-mcbride
sean-tucker
clint-ratkovich-rb
kendre-miller
israel-abanikanda
bryant-koback-rb
greg-bell-rb
roschon-johnson
ronnie-brown-rb
hunter-luepke-rb
zach-ojile-rb
ellis-merriweather-rb
alfonzo-graham-rb
emanuel-wilson-rb
jaleel-mclaughlin-rb
owen-wright-rb
jordan-mims-rb
deneric-prince
travis-dye-rb
darius-hagans-rb
robert-burns-rb
hassan-hall-rb
jacob-saylors-rb
henry-pearson-rb
tyjae-spears
keaton-mitchell
xazavian-valladay-rb
camerun-peoples-rb
kenny-mcintosh
tiyon-evans
evan-hull
chase-brown
emari-demercado-rb
derek-parish-rb
ronald-awatt-rb
khalan-laborn-rb
jack-colletto-rb
tyler-hoosman-rb
elijah-dotson-rb
jordan-byrd-rb
monte-pottebaum-rb
lew-nichols
javian-hawkins-rb
zach-charbonnet
devon-achane
bijan-robinson
zach-evans
sincere-mccormick-rb
nate-mccrary-rb
ben-mason-rb
gerrid-doaks-rb
jake-funk
deuce-vaughn
tyler-goodson
jahmyr-gibbs
jashaun-corbin-rb
tank-bigsby
eric-gray
jerrion-ealy-rb
patrick-laird
nick-bellore-rb
chad-spann-rb
jay-finley-rb
shane-bannon-rb
garrett-mills-rb
kenjon-barner-rb
kenny-irons-rb
anthony-alridge-rb
dantrell-savage-rb
chad-simpson-rb
samkon-gado-rb
xavier-omon-rb
madison-hedgecock-rb
taquan-mizzell-rb
alex-armah-rb
brandin-bryant-rb
jp-holtz-rb
jason-cabinda-rb
nick-bawden
trenton-cannon-rb
john-kelly
tim-flanders-rb
willie-carter-rb
brennan-clay-rb
taiwan-jones-rb
