josh-jacobs
christian-mccaffrey
derrick-henry
austin-ekeler
nick-chubb
saquon-barkley
jamaal-williams
tony-pollard
dalvin-cook
miles-sanders
aaron-jones
najee-harris
joe-mixon
rhamondre-stevenson
kenneth-walker
travis-etienne
ezekiel-elliott
alvin-kamara
james-conner
leonard-fournette
david-montgomery
tyler-allgeier
dandre-swift
jerick-mckinnon
devin-singletary
aj-dillon
raheem-mostert
jeff-wilson
dameon-pierce
cordarrelle-patterson
cam-akers
latavius-murray
donta-foreman
isiah-pacheco
antonio-gibson
jonathan-taylor
khalil-herbert
samaje-perine
brian-robinson
breece-hall
kareem-hunt
rachaad-white
kenyan-drake
james-cook
michael-carter
clyde-edwards-helaire
james-robinson
jk-dobbins
damien-harris
chuba-hubbard
alexander-mattison
jaylen-warren
kenneth-gainwell
eno-benjamin
melvin-gordon
gus-edwards
chase-edmonds
darrell-henderson
dontrell-hilliard
deon-jackson
zack-moss
nyheim-hines
joshua-kelley
jamycal-hasty
rashaad-penny
zonovan-knight
caleb-huntley
boston-scott
elijah-mitchell
matt-breida
justin-jackson
kyle-juszczyk
rex-burkhead
mark-ingram
raheem-blackshear
jordan-mason
ty-johnson
marlon-mack
deejay-dallas
justice-hill
ameer-abdullah
jd-mckissic
dare-ogunbowale
malik-davis
travis-homer
javonte-williams
gary-brightwell
alec-ingold
craig-reynolds
kyren-williams
cj-ham
pierre-strong
mike-boone
avery-williams
jonathan-williams
tevin-coleman
brandon-bolden
malcolm-brown
darrel-williams
corey-clement
benny-snell
sony-michel
ronald-jones
derek-watt
hassan-haskins
keaontay-ingram
reggie-gilliam
zander-horvath
salvon-ahmed
royce-freeman
kevin-harris
snoop-conner
tyrion-davis-price
chris-evans
darrynton-evans
kene-nwangwu
patrick-ricard
phillip-lindsay
jordan-wilkins
tyler-badie
jaret-patterson
ty-montgomery
keshawn-vaughn
zamir-white
trayveon-williams
isaiah-spiller
tony-jones
myles-gaskin
spencer-brown
julius-chestnut
david-johnson
ronnie-rivers
patrick-taylor
dwayne-washington
trestan-ebner
anthony-mcfarland
larry-rountree
jonathan-ward
giovani-bernard
dernest-johnson
mike-davis
ty-chandler
trey-sermon
adam-prentice
michael-burton
jj-taylor
jerome-ford
jakob-johnson
keith-smith
reggie-bonnafon
devine-ozigbo
godwin-igwebuike
kylin-hill
tyson-williams
demetric-felton
duke-johnson
damien-williams
jordan-howard
lamical-perine
chris-myarick
austin-walter
rico-dowdle
mike-weber
qadree-ollison
khari-blasingame
john-lovett
andrew-beck
cullen-gillaspia
sandro-platzgummer
kennedy-brooks
mohamed-ibrahim
jason-huntley
jermar-jefferson
jake-bargas
john-lovett
brittain-brown
troy-hairston
dewayne-mcbride
sean-tucker
clint-ratkovich
kendre-miller
israel-abanikanda
bryant-koback
greg-bell
roschon-johnson
ronnie-brown
hunter-luepke
zach-ojile
ellis-merriweather
alfonzo-graham
emanuel-wilson
jaleel-mclaughlin
owen-wright
chris-brooks
jordan-mims
deneric-prince
travis-dye
darius-hagans
robert-burns
hassan-hall
jacob-saylors
calvin-tyler
henry-pearson
tyjae-spears
keaton-mitchell
xazavian-valladay
camerun-peoples
kenny-mcintosh
tiyon-evans
evan-hull
chase-brown
emari-demercado
derek-parish
carlos-washington
ronald-awatt
khalan-laborn
jack-colletto
chuck-mcclelland
tyler-hoosman
elijah-dotson
jordan-byrd
monte-pottebaum
lew-nichols
javian-hawkins
zach-charbonnet
devon-achane
bijan-robinson
zach-evans
sincere-mccormick
nate-mccrary
ben-mason
gerrid-doaks
jake-funk
chris-rodriguez
deuce-vaughn
tyler-goodson
jahmyr-gibbs
jashaun-corbin
tank-bigsby
eric-gray
jerrion-ealy
patrick-laird
nick-bellore
chad-spann
jay-finley
shane-bannon
garrett-mills
kenjon-barner
kenny-irons
anthony-alridge
dantrell-savage
chad-simpson
samkon-gado
xavier-omon
madison-hedgecock
taquan-mizzell
alex-armah
brandin-bryant
jp-holtz
jason-cabinda
nick-bawden
trenton-cannon
john-kelly
tim-flanders
willie-carter
brennan-clay
taiwan-jones
