Dak Prescott
QB
Cooper Rush
QB
12
261
394
66.2
2,860
7.3
238.3
68
23
15
20
126
91.1
9
94
162
58.0
1,051
6.5
116.8
46
5
3
7
49
80.0
Tony Pollard
RB
Ezekiel Elliott
RB
Dak Prescott
QB
Malik Davis
RB
CeeDee Lamb
WR
KaVontae Turpin
WR
Cooper Rush
QB
Peyton Hendershot
TE
Bryan Anger
P
16
193
1,007
5.2
57
9
9
62.9
0
0
46
15
231
876
3.8
27
5
12
58.4
0
0
52
12
45
182
4.0
25
1
1
15.2
2
1
19
12
38
161
4.2
23
2
1
13.4
0
0
6
17
10
47
4.7
14
0
0
2.8
0
0
3
17
3
17
5.7
11
0
0
1.0
0
0
1
9
9
6
0.7
6
0
0
0.7
0
0
1
17
1
2
2.0
2
0
1
0.1
0
0
1
17
1
0
0.0
0
0
0
0.0
1
0
0
CeeDee Lamb
WR
Dalton Schultz
TE
Noah Brown
WR
Michael Gallup
WR
Tony Pollard
RB
Jake Ferguson
TE
T.Y. Hilton
WR
Peyton Hendershot
TE
Ezekiel Elliott
RB
Malik Davis
RB
Simi Fehoko
WR
Dennis Houston
WR
Jalen Tolbert
WR
Sean McKeon
TE
KaVontae Turpin
WR
17
107
156
1,359
12.7
9
39
24
79.9
0
0
486
67
15
57
89
577
10.1
5
30
5
38.5
1
1
204
27
16
43
74
555
12.9
3
51
6
34.7
1
1
128
25
14
39
74
424
10.9
4
27
4
30.3
0
0
107
25
16
39
55
371
9.5
3
68
3
23.2
0
0
347
18
16
19
22
174
9.2
2
30
3
10.9
0
0
124
8
3
7
10
121
17.3
0
52
2
40.3
0
0
33
5
17
11
16
103
9.4
2
29
2
6.1
0
0
47
8
15
17
23
92
5.4
0
31
1
6.1
0
0
88
4
12
6
7
63
10.5
0
18
0
5.3
0
0
65
5
5
3
4
24
8.0
0
12
0
4.8
0
0
10
1
2
2
6
16
8.0
0
11
0
8.0
0
0
6
0
8
2
3
12
6.0
0
8
0
1.5
0
0
2
0
13
2
3
11
5.5
0
10
0
0.8
0
0
7
1
17
1
2
9
9.0
0
9
0
0.5
0
0
5
0
Donovan Wilson
S
Leighton Vander Esch
LB
Jayron Kearse
S
Micah Parsons
LB
DeMarcus Lawrence
DE
Malik Hooker
S
Trevon Diggs
CB
Anthony Barr
LB
DaRon Bland
CB
Damone Clark
LB
Osa Odighizuwa
DT
Anthony Brown
CB
Neville Gallimore
DT
Dorance Armstrong
DE
Dante Fowler Jr.
DE
Carlos Watkins
DT
Jourdan Lewis
CB
Nahshon Wright
CB
Sam Williams
DE
Chauncey Golston
DE
Kelvin Joseph
CB
Quinton Bohanna
DT
Israel Mukuamu
S
Luke Gifford
LB
Johnathan Hankins
DT
C.J. Goodwin
CB
Peyton Hendershot
TE
Tyler Coyle
S
Trysten Hill
DT
Jabril Cox
LB
Matt Overton
LS
Noah Brown
WR
Trayvon Mullen
CB
Malik Davis
RB
CeeDee Lamb
WR
Qadree Ollison
RB
Tyler Biadasz
C
Terence Steele
OT
Tyler Smith
OT
Sean McKeon
TE
KaVontae Turpin
WR
Rico Dowdle
RB
Matt Farniok
G
Mackensie Alexander
CB
Ezekiel Elliott
RB
Michael Gallup
WR
Markquese Bell
S
Tony Pollard
RB
Dalton Schultz
TE
Connor McGovern
G
Jake Ferguson
TE
17
77
24
101
5
35
7
2
1
0
1
0
2
1
0
0
14
54
36
90
1
4
4
1
0
0
0
0
1
0
0
0
14
55
22
77
2
12
7
5
1
2
1
0
1
2
0
0
17
42
23
65
13.5
89
13
3
0
0
0
0
3
3
1
0
17
43
22
65
6
35
9
3
0
0
0
0
3
1
1
0
16
44
18
62
0
0
2
3
3
29
1
0
0
1
1
0
17
50
9
59
0
0
0
14
3
10
1
0
0
1
0
0
14
35
23
58
1
9
2
1
0
0
0
0
0
2
0
0
17
38
16
54
0
0
1
7
5
19
1
0
0
0
0
0
10
29
18
47
0
0
1
0
0
0
0
0
2
0
0
0
17
27
16
43
4
27
8
0
0
0
0
0
1
0
0
0
12
33
9
42
0
0
1
7
0
0
0
0
1
0
0
0
16
16
17
33
1
9
2
1
0
0
0
0
0
0
0
0
17
17
16
33
8.5
56
10
0
0
0
0
0
1
2
0
2
17
22
5
27
6
49
7
2
0
0
0
0
2
0
0
0
12
13
13
26
0
0
2
0
0
0
0
0
1
0
0
0
6
17
9
26
1
0
0
1
1
0
1
0
0
0
0
0
7
17
6
23
0
0
1
4
1
0
1
0
0
0
0
0
15
15
7
22
4
26
10
1
0
0
0
0
1
3
0
0
15
13
9
22
1
2
2
1
0
0
0
0
0
0
0
0
16
17
3
20
0
0
0
2
0
0
0
0
1
0
0
0
13
7
12
19
0
0
1
0
0
0
0
0
0
0
0
0
15
12
5
17
0
0
0
1
1
0
1
0
0
0
0
0
16
11
6
17
0
0
0
0
0
0
0
0
1
0
0
0
5
7
3
10
0
0
1
0
0
0
0
0
0
0
0
0
17
3
5
8
0
0
0
0
0
0
0
0
1
0
0
0
17
6
1
7
0
0
0
0
0
0
0
0
0
0
0
0
1
4
2
6
0
0
0
0
0
0
0
0
0
0
0
0
7
5
1
6
0
0
2
0
0
0
0
0
0
0
0
0
9
3
3
6
0
0
0
0
0
0
0
0
0
0
0
0
13
2
3
5
0
0
0
0
0
0
0
0
0
0
0
0
16
3
2
5
0
0
0
0
0
0
0
0
0
0
0
0
1
3
0
3
0
0
0
0
0
0
0
0
0
0
0
0
12
2
0
2
0
0
0
0
0
0
0
0
0
0
0
0
17
2
0
2
0
0
0
0
0
0
0
0
0
0
0
0
3
2
0
2
0
0
0
0
0
0
0
0
0
0
0
0
16
2
0
2
0
0
0
0
0
0
0
0
0
0
0
0
13
1
0
1
0
0
0
0
0
0
0
0
0
0
0
0
17
1
0
1
0
0
0
0
0
0
0
0
0
0
0
0
13
0
1
1
0
0
0
0
0
0
0
0
0
1
0
0
17
1
0
1
0
0
0
0
0
0
0
0
0
0
0
0
5
1
0
1
0
0
0
0
0
0
0
0
0
0
0
0
7
1
0
1
0
0
0
0
0
0
0
0
0
0
0
0
1
1
0
1
0
0
0
0
0
0
0
0
0
0
0
0
15
1
0
1
0
0
0
0
0
0
0
0
0
0
0
0
14
1
0
1
0
0
0
0
0
0
0
0
0
0
0
0
5
1
0
1
0
0
0
0
0
0
0
0
0
0
0
0
16
1
0
1
0
0
0
0
0
0
0
0
0
0
0
0
15
1
0
1
0
0
0
0
0
0
0
0
0
0
0
0
15
1
0
1
0
0
0
0
0
0
0
0
0
0
0
0
16
1
0
1
0
0
0
0
0
0
0
0
0
0
0
0
Brett Maher
PK
Ezekiel Elliott
RB
Tony Pollard
RB
CeeDee Lamb
WR
Dalton Schultz
TE
Michael Gallup
WR
Peyton Hendershot
TE
Noah Brown
WR
Jake Ferguson
TE
Micah Parsons
LB
Malik Davis
RB
DeMarcus Lawrence
DE
Malik Hooker
S
Dak Prescott
QB
17
0
0
0
0
29
50
0
137
8.1
15
12
0
0
12
0
0
0
72
4.8
16
9
3
0
12
0
0
0
72
4.5
17
0
9
0
9
0
0
0
54
3.2
15
0
5
0
5
0
0
0
30
2.0
14
0
4
0
4
0
0
0
24
1.7
17
1
2
0
3
0
0
0
18
1.1
16
0
3
0
3
0
0
0
18
1.1
16
0
2
0
2
0
0
0
12
0.8
17
0
0
1
1
0
0
0
6
0.4
12
1
0
0
1
0
0
0
6
0.5
17
0
0
1
1
0
0
0
6
0.4
16
0
0
1
1
0
0
0
6
0.4
12
1
0
0
1
0
0
0
6
0.5
KaVontae Turpin
WR
Peyton Hendershot
TE
17
21
508
24.2
63
0
29
303
10.4
52
0
26
17
1
18
18.0
18
0
0
0
0.0
0
0
0
Brett Maher
PK
17
29
32
90.6
60
0-0
9-9
5-5
6-7
9-11
50
53
94.3
Bryan Anger
P
17
68
3,291
83
48.4
42.8
0
27
6
23
32
258
8.1
