2022
2022
2020
2019
2017
2020
2021
2021
2022
2016
2014
2022
2019
2015
2020
2019
2020
2019
2020
2017
2017
2022
2022
2015
2019
2017
2019
2022
2016
2020
2017
2022
2020
2014
2022
2022
2022
2019
2021
2018
2017
2018
2022
2015
2019
2022
2020
2018
2015
2022
2020
2019
2019
2019
2022
2018
2022
2021
2020
2017
2020
2012
2019
2021
2016
2017
2015
2021
2017
2013
2013
2022
2019
2022
2021
2022
2017
2021
2016
2020
2022
2021
2018
2019
2020
2020
2022
2015
2016
2021
2021
2021
2022
2022
2022
2022
2021
2020
2019
2017
2017
2022
2015
2020
2014
2018
2020
2021
2021
2021
2015
2015
2017
2021
2018
2022
2022
2017
2017
2015
2021
2017
2017
2021
2018
