2020, PHI, 2021, DAL, 2022, ARI, 
2021, SF, 2022, PHI, 
2021, DEN, 2022, DEN, 
2020, KC, 2021, KC, 2022, ARI, 
2020, MIN, 2021, MIN, 2022, MIN, 
2020, DAL, 2021, DAL, 2022, DAL, 
2021, NO, 2022, NO, 
2019, NE, 2021, NE, 2022, LV, 
2020, SEA, 2021, SEA, 2022, SEA, 
2020, TEN, 2021, TEN, 2022, CHI, 
2020, LAC, 2021, LAC, 2022, LAC, 
2022, LAC, 
2020, CIN, 2021, CIN, 2022, CIN, 
2020, SEA, 2021, SEA, 2022, SEA, 
2020, GB, 2021, GB, 2022, GB, 
2021, IND, 2022, IND, 
2020, GB, 2021, GB, 2022, GB, 
2020, WAS, 2021, WAS, 2022, WAS, 
2020, PHI, 2021, PHI, 2022, PHI, 
2020, CAR, 2021, ATL, 2022, BAL, 
2019, BAL, 2020, BAL, 2022, BAL, 
2020, TEN, 2021, TEN, 2022, TEN, 
2022, MIN, 
2020, SF, 2021, SF, 2022, JAC, 
2019, BAL, 2020, BAL, 2022, BAL, 
2022, CLE, 
2020, BUF, 2021, BUF, 2022, BUF, 
2022, KC, 
2020, DET, 2021, DET, 2022, DET, 
2020, NO, 2021, NO, 2022, NO, 
2021, PHI, 2022, PHI, 
2020, BAL, 2021, BAL, 2022, BAL, 
2022, CAR, 
2022, LAR, 
2021, GB, 2022, GB, 
2020, NO, 2021, NO, 2022, NE, 
2020, DET, 2021, WAS, 2022, WAS, 
2020, JAC, 2021, DET, 2022, DET, 
2022, DAL, 
2020, SF, 2021, KC, 2022, KC, 
2020, LAC, 2021, LAC, 2022, LAC, 
2020, TEN, 2021, TEN, 2022, CAR, 
2020, TB, 2021, TB, 2022, TB, 
2020, MIN, 2021, DEN, 2022, DEN, 
2020, ARI, 2021, LV, 2022, BAL, 
2022, LAC, 
2020, LAR, 2021, LAR, 2022, LAR, 
2020, DAL, 2021, DAL, 2022, DAL, 
2022, TB, 
2021, LAC, 2022, LAC, 
2020, WAS, 2021, WAS, 2022, WAS, 
2020, CHI, 2021, CHI, 2022, CHI, 
2020, LAC, 2021, LAC, 2022, DET, 
2020, PIT, 2021, PIT, 2022, PIT, 
2022, CHI, 
2022, SEA, 
2022, SF, 
2020, KC, 2021, KC, 2022, KC, 
2021, PIT, 2022, PIT, 
2022, HOU, 
2020, PIT, 2021, ARI, 2022, ARI, 
2020, LV, 2021, LV, 2022, MIA, 
2020, NE, 2021, HOU, 2022, HOU, 
2020, CLE, 2021, CLE, 2022, CLE, 
2021, NE, 2022, NE, 
2020, SF, 2021, NYJ, 2022, SF, 
2020, GB, 2021, DET, 2022, DET, 
2021, WAS, 2022, WAS, 
2020, NO, 2021, KC, 2022, KC, 
2020, PHI, 2021, PHI, 2022, PHI, 
2022, LV, 
2021, CHI, 2022, CHI, 
2020, JAC, 2021, JAC, 2022, HOU, 
2021, CAR, 2022, CAR, 
2022, ATL, 
2022, TEN, 
2020, CIN, 2021, CIN, 2022, CIN, 
2020, MIN, 2021, ALL, 2022, LV, 
2020, CIN, 2021, CIN, 2022, CIN, 
2021, CIN, 2022, CIN, 
2020, CAR, 2021, CAR, 2022, ALL, 
2020, ATL, 2021, ATL, 2022, ATL, 
2021, NYG, 2022, NYG, 
2020, SF, 2021, SF, 2022, SF, 
2021, SF, 2022, SF, 
2020, MIN, 2021, MIN, 2022, MIN, 
2020, HOU, 2021, HOU, 2022, NO, 
2021, CAR, 2022, CAR, 
2022, DEN, 
2020, LAR, 2021, LAR, 2022, LAR, 
2020, SF, 2021, SF, 2022, MIA, 
2022, JAC, 
2020, MIA, 2021, MIA, 2022, MIA, 
2022, PIT, 
2020, TB, 2021, TB, 2022, TB, 
2020, MIN, 2021, MIN, 2022, MIN, 
2020, IND, 2021, IND, 2022, IND, 
2020, BAL, 2022, BAL, 
2022, BUF, 
2020, SEA, 2021, SEA, 2022, SEA, 
2022, ARI, 
2022, TEN, 
2021, MIN, 2022, MIN, 
2020, LV, 2021, LV, 2022, LV, 
2021, NYJ, 2022, NYJ, 
2022, SF, 
2020, CLE, 2021, CLE, 2022, CLE, 
2022, LAR, 
2022, NE, 
2020, BUF, 2021, BUF, 2022, BUF, 
2020, DEN, 2021, DEN, 2022, DEN, 
2020, NE, 2021, NE, 2022, NE, 
2020, MIA, 2021, MIA, 2022, MIA, 
2020, MIA, 2021, BUF, 2022, NYG, 
2020, LAR, 2021, MIA, 2022, LAR, 
2022, NYJ, 
2022, ATL, 
2022, JAC, 
2020, NYG, 2021, NYG, 2022, NYG, 
2020, CLE, 2021, CLE, 2022, CLE,
 